<?xml version="1.0" encoding="UTF-8"?>
<!-- Generated by org.testng.reporters.JUnitReportReporter -->
<testsuite hostname="BYOD-650190" failures="0" tests="1" name="NaveenprojectTest.RegisterTest" time="8.052" errors="0" timestamp="2023-07-06T14:44:51 IST" skipped="0">
  <testcase classname="NaveenprojectTest.RegisterTest" name="register" time="8.052"/>
  <system-out/>
</testsuite> <!-- NaveenprojectTest.RegisterTest -->
